thermo-sauna/app/build/intermediates/manifest_merge_blame_file/debug/manifest-merger-blame-debug-report.txt
1<?xml version="1.0" encoding="utf-8"?>
2<manifest xmlns:android="http://schemas.android.com/apk/res/android"
3    package="com.app.vinnie.myapplication"
4    android:versionCode="1"
5    android:versionName="1.0" >
6
7    <uses-sdk
8        android:minSdkVersion="23"
8-->src\main\AndroidManifest.xml
9        android:targetSdkVersion="29" />
9-->src\main\AndroidManifest.xml
10
11    <uses-permission android:name="android.permission.INTERNET" />
11-->src\main\AndroidManifest.xml:5:5-67
11-->src\main\AndroidManifest.xml:5:22-64
12    <uses-permission android:name="android.permission.CAMERA" />
12-->src\main\AndroidManifest.xml:6:5-65
12-->src\main\AndroidManifest.xml:6:22-62
13    <uses-permission android:name="android.permission.WRITE_EXTERNAL_STORAGE" />
13-->src\main\AndroidManifest.xml:7:5-81
13-->src\main\AndroidManifest.xml:7:22-78
14
15    <!-- Although the *SdkVersion is captured in gradle build files, this is required for non gradle builds -->
16    <!-- <uses-sdk android:minSdkVersion="14"/> -->
17    <uses-permission android:name="android.permission.ACCESS_NETWORK_STATE" />
17-->[com.google.firebase:firebase-database:19.2.1] AndroidManifest.xml:25:5-79
17-->[com.google.firebase:firebase-database:19.2.1] AndroidManifest.xml:25:22-76
18    <uses-permission android:name="android.permission.WAKE_LOCK" /> <!-- Required by older versions of Google Play services to create IID tokens -->
18-->[com.google.android.gms:play-services-measurement-api:17.3.0] AndroidManifest.xml:24:5-68
18-->[com.google.android.gms:play-services-measurement-api:17.3.0] AndroidManifest.xml:24:22-65
19    <uses-permission android:name="com.google.android.c2dm.permission.RECEIVE" />
19-->[com.google.firebase:firebase-iid:20.0.2] AndroidManifest.xml:26:5-82
19-->[com.google.firebase:firebase-iid:20.0.2] AndroidManifest.xml:26:22-79
20    <uses-permission android:name="com.google.android.finsky.permission.BIND_GET_INSTALL_REFERRER_SERVICE" />
20-->[com.google.android.gms:play-services-measurement:17.3.0] AndroidManifest.xml:26:5-110
20-->[com.google.android.gms:play-services-measurement:17.3.0] AndroidManifest.xml:26:22-107
21
22    <application
22-->src\main\AndroidManifest.xml:10:5-34:19
23        android:allowBackup="true"
23-->src\main\AndroidManifest.xml:11:9-35
24        android:appComponentFactory="androidx.core.app.CoreComponentFactory"
24-->[androidx.core:core:1.2.0] AndroidManifest.xml:24:18-86
25        android:debuggable="true"
26        android:icon="@mipmap/ic_launcher"
26-->src\main\AndroidManifest.xml:12:9-43
27        android:label="@string/app_name"
27-->src\main\AndroidManifest.xml:13:9-41
28        android:roundIcon="@mipmap/ic_launcher_round"
28-->src\main\AndroidManifest.xml:14:9-54
29        android:supportsRtl="true"
29-->src\main\AndroidManifest.xml:15:9-35
30        android:testOnly="true"
31        android:theme="@style/Theme.AppCompat.NoActionBar" >
31-->src\main\AndroidManifest.xml:16:9-59
32        <activity android:name="com.app.vinnie.myapplication.SaunaList" />
32-->src\main\AndroidManifest.xml:17:9-56
32-->src\main\AndroidManifest.xml:17:19-44
33        <activity android:name="com.app.vinnie.myapplication.Settings" />
33-->src\main\AndroidManifest.xml:18:9-46
33-->src\main\AndroidManifest.xml:18:19-43
34        <activity android:name="com.app.vinnie.myapplication.Profile" />
34-->src\main\AndroidManifest.xml:19:9-45
34-->src\main\AndroidManifest.xml:19:19-42
35        <activity android:name="com.app.vinnie.myapplication.Register" />
35-->src\main\AndroidManifest.xml:20:9-46
35-->src\main\AndroidManifest.xml:20:19-43
36        <activity android:name="com.app.vinnie.myapplication.MainActivity" />
36-->src\main\AndroidManifest.xml:21:9-50
36-->src\main\AndroidManifest.xml:21:19-47
37        <activity android:name="com.app.vinnie.myapplication.ForgetPassword" />
37-->src\main\AndroidManifest.xml:22:9-52
37-->src\main\AndroidManifest.xml:22:19-49
38        <activity android:name="com.app.vinnie.myapplication.Login" >
38-->src\main\AndroidManifest.xml:23:9-29:20
38-->src\main\AndroidManifest.xml:23:19-40
39            <intent-filter>
39-->src\main\AndroidManifest.xml:24:13-28:29
40                <action android:name="android.intent.action.MAIN" />
40-->src\main\AndroidManifest.xml:25:17-69
40-->src\main\AndroidManifest.xml:25:25-66
41
42                <category android:name="android.intent.category.LAUNCHER" />
42-->src\main\AndroidManifest.xml:27:17-77
42-->src\main\AndroidManifest.xml:27:27-74
43            </intent-filter>
44        </activity>
45
46        <meta-data
46-->src\main\AndroidManifest.xml:31:9-33:57
47            android:name="preloaded_fonts"
47-->src\main\AndroidManifest.xml:32:13-43
48            android:resource="@array/preloaded_fonts" />
48-->src\main\AndroidManifest.xml:33:13-54
49
50        <activity
50-->[com.facebook.android:facebook-common:5.15.3] AndroidManifest.xml:30:9-33:66
51            android:name="com.facebook.FacebookActivity"
51-->[com.facebook.android:facebook-common:5.15.3] AndroidManifest.xml:31:13-57
52            android:configChanges="keyboard|keyboardHidden|screenLayout|screenSize|orientation"
52-->[com.facebook.android:facebook-common:5.15.3] AndroidManifest.xml:32:13-96
53            android:theme="@style/com_facebook_activity_theme" />
53-->[com.facebook.android:facebook-common:5.15.3] AndroidManifest.xml:33:13-63
54        <activity android:name="com.facebook.CustomTabMainActivity" />
54-->[com.facebook.android:facebook-common:5.15.3] AndroidManifest.xml:34:9-71
54-->[com.facebook.android:facebook-common:5.15.3] AndroidManifest.xml:34:19-68
55        <activity
55-->[com.facebook.android:facebook-common:5.15.3] AndroidManifest.xml:35:9-49:20
56            android:name="com.facebook.CustomTabActivity"
56-->[com.facebook.android:facebook-common:5.15.3] AndroidManifest.xml:36:13-58
57            android:exported="true" >
57-->[com.facebook.android:facebook-common:5.15.3] AndroidManifest.xml:37:13-36
58            <intent-filter>
58-->[com.facebook.android:facebook-common:5.15.3] AndroidManifest.xml:39:13-48:29
59                <action android:name="android.intent.action.VIEW" />
59-->[com.facebook.android:facebook-common:5.15.3] AndroidManifest.xml:40:17-69
59-->[com.facebook.android:facebook-common:5.15.3] AndroidManifest.xml:40:25-66
60
61                <category android:name="android.intent.category.DEFAULT" />
61-->[com.facebook.android:facebook-common:5.15.3] AndroidManifest.xml:42:17-76
61-->[com.facebook.android:facebook-common:5.15.3] AndroidManifest.xml:42:27-73
62                <category android:name="android.intent.category.BROWSABLE" />
62-->[com.facebook.android:facebook-common:5.15.3] AndroidManifest.xml:43:17-78
62-->[com.facebook.android:facebook-common:5.15.3] AndroidManifest.xml:43:27-75
63
64                <data
64-->[com.facebook.android:facebook-common:5.15.3] AndroidManifest.xml:45:17-47:50
65                    android:host="cct.com.app.vinnie.myapplication"
65-->[com.facebook.android:facebook-common:5.15.3] AndroidManifest.xml:46:21-56
66                    android:scheme="fbconnect" />
66-->[com.facebook.android:facebook-common:5.15.3] AndroidManifest.xml:47:21-47
67            </intent-filter>
68        </activity>
69
70        <service
70-->[com.google.firebase:firebase-database:19.2.1] AndroidManifest.xml:29:9-35:19
71            android:name="com.google.firebase.components.ComponentDiscoveryService"
71-->[com.google.firebase:firebase-database:19.2.1] AndroidManifest.xml:30:13-84
72            android:directBootAware="true"
72-->[com.google.firebase:firebase-common:19.3.0] AndroidManifest.xml:34:13-43
73            android:exported="false" >
73-->[com.google.firebase:firebase-database:19.2.1] AndroidManifest.xml:31:13-37
74            <meta-data
74-->[com.google.firebase:firebase-database:19.2.1] AndroidManifest.xml:32:13-34:85
75                android:name="com.google.firebase.components:com.google.firebase.database.DatabaseRegistrar"
75-->[com.google.firebase:firebase-database:19.2.1] AndroidManifest.xml:33:17-109
76                android:value="com.google.firebase.components.ComponentRegistrar" />
76-->[com.google.firebase:firebase-database:19.2.1] AndroidManifest.xml:34:17-82
77            <meta-data
77-->[com.google.firebase:firebase-auth:19.3.0] AndroidManifest.xml:36:13-38:85
78                android:name="com.google.firebase.components:com.google.firebase.auth.FirebaseAuthRegistrar"
78-->[com.google.firebase:firebase-auth:19.3.0] AndroidManifest.xml:37:17-109
79                android:value="com.google.firebase.components.ComponentRegistrar" />
79-->[com.google.firebase:firebase-auth:19.3.0] AndroidManifest.xml:38:17-82
80            <meta-data
80-->[com.google.firebase:firebase-storage:19.1.1] AndroidManifest.xml:33:13-35:85
81                android:name="com.google.firebase.components:com.google.firebase.storage.StorageRegistrar"
81-->[com.google.firebase:firebase-storage:19.1.1] AndroidManifest.xml:34:17-107
82                android:value="com.google.firebase.components.ComponentRegistrar" />
82-->[com.google.firebase:firebase-storage:19.1.1] AndroidManifest.xml:35:17-82
83            <meta-data
83-->[com.google.firebase:firebase-firestore:21.4.2] AndroidManifest.xml:20:13-22:85
84                android:name="com.google.firebase.components:com.google.firebase.firestore.FirestoreRegistrar"
84-->[com.google.firebase:firebase-firestore:21.4.2] AndroidManifest.xml:21:17-111
85                android:value="com.google.firebase.components.ComponentRegistrar" />
85-->[com.google.firebase:firebase-firestore:21.4.2] AndroidManifest.xml:22:17-82
86            <meta-data
86-->[com.google.android.gms:play-services-measurement-api:17.3.0] AndroidManifest.xml:30:13-32:85
87                android:name="com.google.firebase.components:com.google.firebase.analytics.connector.internal.AnalyticsConnectorRegistrar"
87-->[com.google.android.gms:play-services-measurement-api:17.3.0] AndroidManifest.xml:31:17-139
88                android:value="com.google.firebase.components.ComponentRegistrar" />
88-->[com.google.android.gms:play-services-measurement-api:17.3.0] AndroidManifest.xml:32:17-82
89            <meta-data
89-->[com.google.firebase:firebase-iid:20.0.2] AndroidManifest.xml:32:13-34:85
90                android:name="com.google.firebase.components:com.google.firebase.iid.Registrar"
90-->[com.google.firebase:firebase-iid:20.0.2] AndroidManifest.xml:33:17-96
91                android:value="com.google.firebase.components.ComponentRegistrar" />
91-->[com.google.firebase:firebase-iid:20.0.2] AndroidManifest.xml:34:17-82
92        </service>
93
94        <activity
94-->[com.google.firebase:firebase-auth:19.3.0] AndroidManifest.xml:24:9-31:50
95            android:name="com.google.firebase.auth.internal.FederatedSignInActivity"
95-->[com.google.firebase:firebase-auth:19.3.0] AndroidManifest.xml:25:13-85
96            android:excludeFromRecents="true"
96-->[com.google.firebase:firebase-auth:19.3.0] AndroidManifest.xml:26:13-46
97            android:exported="true"
97-->[com.google.firebase:firebase-auth:19.3.0] AndroidManifest.xml:27:13-36
98            android:launchMode="singleTask"
98-->[com.google.firebase:firebase-auth:19.3.0] AndroidManifest.xml:28:13-44
99            android:permission="com.google.firebase.auth.api.gms.permission.LAUNCH_FEDERATED_SIGN_IN"
99-->[com.google.firebase:firebase-auth:19.3.0] AndroidManifest.xml:29:13-102
100            android:theme="@android:style/Theme.Translucent.NoTitleBar" />
100-->[com.google.firebase:firebase-auth:19.3.0] AndroidManifest.xml:30:13-72
101        <activity
101-->[com.google.android.gms:play-services-auth:18.0.0] AndroidManifest.xml:23:9-27:75
102            android:name="com.google.android.gms.auth.api.signin.internal.SignInHubActivity"
102-->[com.google.android.gms:play-services-auth:18.0.0] AndroidManifest.xml:24:13-93
103            android:excludeFromRecents="true"
103-->[com.google.android.gms:play-services-auth:18.0.0] AndroidManifest.xml:25:13-46
104            android:exported="false"
104-->[com.google.android.gms:play-services-auth:18.0.0] AndroidManifest.xml:26:13-37
105            android:theme="@android:style/Theme.Translucent.NoTitleBar" />
105-->[com.google.android.gms:play-services-auth:18.0.0] AndroidManifest.xml:27:13-72
106        <!--
107            Service handling Google Sign-In user revocation. For apps that do not integrate with
108            Google Sign-In, this service will never be started.
109        -->
110        <service
110-->[com.google.android.gms:play-services-auth:18.0.0] AndroidManifest.xml:33:9-36:110
111            android:name="com.google.android.gms.auth.api.signin.RevocationBoundService"
111-->[com.google.android.gms:play-services-auth:18.0.0] AndroidManifest.xml:34:13-89
112            android:exported="true"
112-->[com.google.android.gms:play-services-auth:18.0.0] AndroidManifest.xml:35:13-36
113            android:permission="com.google.android.gms.auth.api.signin.permission.REVOCATION_NOTIFICATION" />
113-->[com.google.android.gms:play-services-auth:18.0.0] AndroidManifest.xml:36:13-107
114
115        <provider
115-->[com.squareup.picasso:picasso:2.71828] AndroidManifest.xml:8:9-11:40
116            android:name="com.squareup.picasso.PicassoProvider"
116-->[com.squareup.picasso:picasso:2.71828] AndroidManifest.xml:9:13-64
117            android:authorities="com.app.vinnie.myapplication.com.squareup.picasso"
117-->[com.squareup.picasso:picasso:2.71828] AndroidManifest.xml:10:13-72
118            android:exported="false" />
118-->[com.squareup.picasso:picasso:2.71828] AndroidManifest.xml:11:13-37
119
120        <receiver
120-->[com.google.firebase:firebase-iid:20.0.2] AndroidManifest.xml:37:9-44:20
121            android:name="com.google.firebase.iid.FirebaseInstanceIdReceiver"
121-->[com.google.firebase:firebase-iid:20.0.2] AndroidManifest.xml:38:13-78
122            android:exported="true"
122-->[com.google.firebase:firebase-iid:20.0.2] AndroidManifest.xml:39:13-36
123            android:permission="com.google.android.c2dm.permission.SEND" >
123-->[com.google.firebase:firebase-iid:20.0.2] AndroidManifest.xml:40:13-73
124            <intent-filter>
124-->[com.google.firebase:firebase-iid:20.0.2] AndroidManifest.xml:41:13-43:29
125                <action android:name="com.google.android.c2dm.intent.RECEIVE" />
125-->[com.google.firebase:firebase-iid:20.0.2] AndroidManifest.xml:42:17-81
125-->[com.google.firebase:firebase-iid:20.0.2] AndroidManifest.xml:42:25-78
126            </intent-filter>
127        </receiver>
128
129        <provider
129-->[com.google.firebase:firebase-common:19.3.0] AndroidManifest.xml:26:9-30:39
130            android:name="com.google.firebase.provider.FirebaseInitProvider"
130-->[com.google.firebase:firebase-common:19.3.0] AndroidManifest.xml:27:13-77
131            android:authorities="com.app.vinnie.myapplication.firebaseinitprovider"
131-->[com.google.firebase:firebase-common:19.3.0] AndroidManifest.xml:28:13-72
132            android:exported="false"
132-->[com.google.firebase:firebase-common:19.3.0] AndroidManifest.xml:29:13-37
133            android:initOrder="100" />
133-->[com.google.firebase:firebase-common:19.3.0] AndroidManifest.xml:30:13-36
134
135        <activity
135-->[com.google.android.gms:play-services-base:17.1.0] AndroidManifest.xml:23:9-26:75
136            android:name="com.google.android.gms.common.api.GoogleApiActivity"
136-->[com.google.android.gms:play-services-base:17.1.0] AndroidManifest.xml:24:13-79
137            android:exported="false"
137-->[com.google.android.gms:play-services-base:17.1.0] AndroidManifest.xml:25:13-37
138            android:theme="@android:style/Theme.Translucent.NoTitleBar" />
138-->[com.google.android.gms:play-services-base:17.1.0] AndroidManifest.xml:26:13-72
139
140        <receiver
140-->[com.google.android.gms:play-services-measurement:17.3.0] AndroidManifest.xml:29:9-33:20
141            android:name="com.google.android.gms.measurement.AppMeasurementReceiver"
141-->[com.google.android.gms:play-services-measurement:17.3.0] AndroidManifest.xml:30:13-85
142            android:enabled="true"
142-->[com.google.android.gms:play-services-measurement:17.3.0] AndroidManifest.xml:31:13-35
143            android:exported="false" >
143-->[com.google.android.gms:play-services-measurement:17.3.0] AndroidManifest.xml:32:13-37
144        </receiver>
145        <receiver
145-->[com.google.android.gms:play-services-measurement:17.3.0] AndroidManifest.xml:34:9-42:20
146            android:name="com.google.android.gms.measurement.AppMeasurementInstallReferrerReceiver"
146-->[com.google.android.gms:play-services-measurement:17.3.0] AndroidManifest.xml:35:13-100
147            android:enabled="true"
147-->[com.google.android.gms:play-services-measurement:17.3.0] AndroidManifest.xml:36:13-35
148            android:exported="true"
148-->[com.google.android.gms:play-services-measurement:17.3.0] AndroidManifest.xml:37:13-36
149            android:permission="android.permission.INSTALL_PACKAGES" >
149-->[com.google.android.gms:play-services-measurement:17.3.0] AndroidManifest.xml:38:13-69
150            <intent-filter>
150-->[com.google.android.gms:play-services-measurement:17.3.0] AndroidManifest.xml:39:13-41:29
151                <action android:name="com.android.vending.INSTALL_REFERRER" />
151-->[com.google.android.gms:play-services-measurement:17.3.0] AndroidManifest.xml:40:17-79
151-->[com.google.android.gms:play-services-measurement:17.3.0] AndroidManifest.xml:40:25-76
152            </intent-filter>
153        </receiver>
154
155        <service
155-->[com.google.android.gms:play-services-measurement:17.3.0] AndroidManifest.xml:44:9-47:40
156            android:name="com.google.android.gms.measurement.AppMeasurementService"
156-->[com.google.android.gms:play-services-measurement:17.3.0] AndroidManifest.xml:45:13-84
157            android:enabled="true"
157-->[com.google.android.gms:play-services-measurement:17.3.0] AndroidManifest.xml:46:13-35
158            android:exported="false" />
158-->[com.google.android.gms:play-services-measurement:17.3.0] AndroidManifest.xml:47:13-37
159        <service
159-->[com.google.android.gms:play-services-measurement:17.3.0] AndroidManifest.xml:48:9-52:72
160            android:name="com.google.android.gms.measurement.AppMeasurementJobService"
160-->[com.google.android.gms:play-services-measurement:17.3.0] AndroidManifest.xml:49:13-87
161            android:enabled="true"
161-->[com.google.android.gms:play-services-measurement:17.3.0] AndroidManifest.xml:50:13-35
162            android:exported="false"
162-->[com.google.android.gms:play-services-measurement:17.3.0] AndroidManifest.xml:51:13-37
163            android:permission="android.permission.BIND_JOB_SERVICE" />
163-->[com.google.android.gms:play-services-measurement:17.3.0] AndroidManifest.xml:52:13-69
164
165        <meta-data
165-->[com.google.android.gms:play-services-basement:17.2.1] AndroidManifest.xml:23:9-25:69
166            android:name="com.google.android.gms.version"
166-->[com.google.android.gms:play-services-basement:17.2.1] AndroidManifest.xml:24:13-58
167            android:value="@integer/google_play_services_version" />
167-->[com.google.android.gms:play-services-basement:17.2.1] AndroidManifest.xml:25:13-66
168        <!--
169         The initialization ContentProvider will call FacebookSdk.sdkInitialize automatically
170         with the application context. This config is merged in with the host app's manifest,
171         but there can only be one provider with the same authority activated at any given
172         point; so if the end user has two or more different apps that use Facebook SDK, only the
173         first one will be able to use the provider. To work around this problem, we use the
174         following placeholder in the authority to identify each host application as if it was
175         a completely different provider.
176        -->
177        <provider
177-->[com.facebook.android:facebook-core:5.15.3] AndroidManifest.xml:39:9-42:40
178            android:name="com.facebook.internal.FacebookInitProvider"
178-->[com.facebook.android:facebook-core:5.15.3] AndroidManifest.xml:40:13-70
179            android:authorities="com.app.vinnie.myapplication.FacebookInitProvider"
179-->[com.facebook.android:facebook-core:5.15.3] AndroidManifest.xml:41:13-72
180            android:exported="false" />
180-->[com.facebook.android:facebook-core:5.15.3] AndroidManifest.xml:42:13-37
181
182        <receiver
182-->[com.facebook.android:facebook-core:5.15.3] AndroidManifest.xml:44:9-50:20
183            android:name="com.facebook.CurrentAccessTokenExpirationBroadcastReceiver"
183-->[com.facebook.android:facebook-core:5.15.3] AndroidManifest.xml:45:13-86
184            android:exported="false" >
184-->[com.facebook.android:facebook-core:5.15.3] AndroidManifest.xml:46:13-37
185            <intent-filter>
185-->[com.facebook.android:facebook-core:5.15.3] AndroidManifest.xml:47:13-49:29
186                <action android:name="com.facebook.sdk.ACTION_CURRENT_ACCESS_TOKEN_CHANGED" />
186-->[com.facebook.android:facebook-core:5.15.3] AndroidManifest.xml:48:17-95
186-->[com.facebook.android:facebook-core:5.15.3] AndroidManifest.xml:48:25-92
187            </intent-filter>
188        </receiver>
189    </application>
190
191</manifest>